c:\users\lenovo-m83\desktop\cpp project\ai updater\shaiya_updater\shaiya_updater\x64\debug\vc143.pdb
c:\users\lenovo-m83\desktop\cpp project\ai updater\shaiya_updater\shaiya_updater\x64\debug\.netframework,version=v4.8.assemblyattributes.obj
c:\users\lenovo-m83\desktop\cpp project\ai updater\shaiya_updater\shaiya_updater\x64\debug\util.obj
c:\users\lenovo-m83\desktop\cpp project\ai updater\shaiya_updater\shaiya_updater\x64\debug\update.obj
c:\users\lenovo-m83\desktop\cpp project\ai updater\shaiya_updater\shaiya_updater\x64\debug\sah.obj
c:\users\lenovo-m83\desktop\cpp project\ai updater\shaiya_updater\shaiya_updater\x64\debug\saf.obj
c:\users\lenovo-m83\desktop\cpp project\ai updater\shaiya_updater\shaiya_updater\x64\debug\main.obj
c:\users\lenovo-m83\desktop\cpp project\ai updater\shaiya_updater\x64\debug\updater.exe
c:\users\lenovo-m83\desktop\cpp project\ai updater\shaiya_updater\x64\debug\updater.pdb
c:\users\lenovo-m83\desktop\cpp project\ai updater\shaiya_updater\shaiya_updater\x64\debug\updater.res
c:\users\lenovo-m83\desktop\cpp project\ai updater\shaiya_updater\shaiya_updater\x64\debug\updater.tlog\cl.command.1.tlog
c:\users\lenovo-m83\desktop\cpp project\ai updater\shaiya_updater\shaiya_updater\x64\debug\updater.tlog\cl.read.1.tlog
c:\users\lenovo-m83\desktop\cpp project\ai updater\shaiya_updater\shaiya_updater\x64\debug\updater.tlog\cl.write.1.tlog
c:\users\lenovo-m83\desktop\cpp project\ai updater\shaiya_updater\shaiya_updater\x64\debug\updater.tlog\link.command.1.tlog
c:\users\lenovo-m83\desktop\cpp project\ai updater\shaiya_updater\shaiya_updater\x64\debug\updater.tlog\link.read.1.tlog
c:\users\lenovo-m83\desktop\cpp project\ai updater\shaiya_updater\shaiya_updater\x64\debug\updater.tlog\link.write.1.tlog
c:\users\lenovo-m83\desktop\cpp project\ai updater\shaiya_updater\shaiya_updater\x64\debug\updater.tlog\metagen.read.1.tlog
c:\users\lenovo-m83\desktop\cpp project\ai updater\shaiya_updater\shaiya_updater\x64\debug\updater.tlog\metagen.write.1.tlog
c:\users\lenovo-m83\desktop\cpp project\ai updater\shaiya_updater\shaiya_updater\x64\debug\updater.tlog\rc.command.1.tlog
c:\users\lenovo-m83\desktop\cpp project\ai updater\shaiya_updater\shaiya_updater\x64\debug\updater.tlog\rc.read.1.tlog
c:\users\lenovo-m83\desktop\cpp project\ai updater\shaiya_updater\shaiya_updater\x64\debug\updater.tlog\rc.write.1.tlog
c:\users\lenovo-m83\desktop\cpp project\ai updater\shaiya_updater\shaiya_updater\x64\debug\updater.tlog\resgen.command.1.tlog
c:\users\lenovo-m83\desktop\cpp project\ai updater\shaiya_updater\shaiya_updater\x64\debug\updater.tlog\resgen.read.1.tlog
c:\users\lenovo-m83\desktop\cpp project\ai updater\shaiya_updater\shaiya_updater\x64\debug\updater.tlog\resgen.write.1.tlog
