c:\users\lenovo-m83\desktop\cpp project\ai updater\shaiya_updater\shaiya_updater\release\vc143.pdb
c:\users\lenovo-m83\desktop\cpp project\ai updater\shaiya_updater\shaiya_updater\release\.netframework,version=v4.8.assemblyattributes.obj
c:\users\lenovo-m83\desktop\cpp project\ai updater\shaiya_updater\shaiya_updater\release\util.obj
c:\users\lenovo-m83\desktop\cpp project\ai updater\shaiya_updater\shaiya_updater\release\update.obj
c:\users\lenovo-m83\desktop\cpp project\ai updater\shaiya_updater\shaiya_updater\release\sah.obj
c:\users\lenovo-m83\desktop\cpp project\ai updater\shaiya_updater\shaiya_updater\release\saf.obj
c:\users\lenovo-m83\desktop\cpp project\ai updater\shaiya_updater\shaiya_updater\release\main.obj
c:\users\lenovo-m83\desktop\cpp project\ai updater\shaiya_updater\release\updater.exe
c:\users\lenovo-m83\desktop\cpp project\ai updater\shaiya_updater\release\updater.pdb
c:\users\lenovo-m83\desktop\cpp project\ai updater\shaiya_updater\shaiya_updater\release\updater.res
c:\users\lenovo-m83\desktop\cpp project\ai updater\shaiya_updater\shaiya_updater\release\updater.tlog\cl.command.1.tlog
c:\users\lenovo-m83\desktop\cpp project\ai updater\shaiya_updater\shaiya_updater\release\updater.tlog\cl.items.tlog
c:\users\lenovo-m83\desktop\cpp project\ai updater\shaiya_updater\shaiya_updater\release\updater.tlog\cl.read.1.tlog
c:\users\lenovo-m83\desktop\cpp project\ai updater\shaiya_updater\shaiya_updater\release\updater.tlog\cl.write.1.tlog
c:\users\lenovo-m83\desktop\cpp project\ai updater\shaiya_updater\shaiya_updater\release\updater.tlog\link.command.1.tlog
c:\users\lenovo-m83\desktop\cpp project\ai updater\shaiya_updater\shaiya_updater\release\updater.tlog\link.read.1.tlog
c:\users\lenovo-m83\desktop\cpp project\ai updater\shaiya_updater\shaiya_updater\release\updater.tlog\link.write.1.tlog
c:\users\lenovo-m83\desktop\cpp project\ai updater\shaiya_updater\shaiya_updater\release\updater.tlog\metagen.read.1.tlog
c:\users\lenovo-m83\desktop\cpp project\ai updater\shaiya_updater\shaiya_updater\release\updater.tlog\metagen.write.1.tlog
c:\users\lenovo-m83\desktop\cpp project\ai updater\shaiya_updater\shaiya_updater\release\updater.tlog\rc.command.1.tlog
c:\users\lenovo-m83\desktop\cpp project\ai updater\shaiya_updater\shaiya_updater\release\updater.tlog\rc.read.1.tlog
c:\users\lenovo-m83\desktop\cpp project\ai updater\shaiya_updater\shaiya_updater\release\updater.tlog\rc.write.1.tlog
c:\users\lenovo-m83\desktop\cpp project\ai updater\shaiya_updater\shaiya_updater\release\updater.tlog\resgen.command.1.tlog
c:\users\lenovo-m83\desktop\cpp project\ai updater\shaiya_updater\shaiya_updater\release\updater.tlog\resgen.read.1.tlog
c:\users\lenovo-m83\desktop\cpp project\ai updater\shaiya_updater\shaiya_updater\release\updater.tlog\resgen.write.1.tlog
